/usr/sbin/mysqld, Version: 8.0.30 (MySQL Community Server - GPL). started with:
Tcp port: 0  Unix socket: /var/lib/mysql/mysql.sock
Time                 Id Command    Argument
/usr/sbin/mysqld, Version: 8.0.30 (MySQL Community Server - GPL). started with:
Tcp port: 0  Unix socket: /var/lib/mysql/mysql.sock
Time                 Id Command    Argument
/usr/sbin/mysqld, Version: 8.0.30 (MySQL Community Server - GPL). started with:
Tcp port: 3306  Unix socket: /var/lib/mysql/mysql.sock
Time                 Id Command    Argument
/usr/sbin/mysqld, Version: 8.0.30 (MySQL Community Server - GPL). started with:
Tcp port: 0  Unix socket: /var/lib/mysql/mysql.sock
Time                 Id Command    Argument
/usr/sbin/mysqld, Version: 8.0.30 (MySQL Community Server - GPL). started with:
Tcp port: 0  Unix socket: /var/lib/mysql/mysql.sock
Time                 Id Command    Argument
/usr/sbin/mysqld, Version: 8.0.30 (MySQL Community Server - GPL). started with:
Tcp port: 3306  Unix socket: /var/lib/mysql/mysql.sock
Time                 Id Command    Argument
# Time: 2022-10-24T20:31:09.272661Z
# User@Host: my_user[my_user] @  [192.168.224.1]  Id:    23
# Query_time: 1.313565  Lock_time: 0.000003 Rows_sent: 2000000  Rows_examined: 346
use my_db;
SET timestamp=1666643467;
/* ApplicationName=DBeaver 22.0.2 - SQLEditor <Script-36.sql> */ 
select *
from numbers n1
cross join
numbers n2
cross join
numbers n3
cross join
numbers n4
cross join
numbers n5
cross join
numbers n6
cross join
numbers n7
cross join
numbers n8





LIMIT 0, 2000000;
/usr/sbin/mysqld, Version: 8.0.30 (MySQL Community Server - GPL). started with:
Tcp port: 0  Unix socket: /var/lib/mysql/mysql.sock
Time                 Id Command    Argument
/usr/sbin/mysqld, Version: 8.0.30 (MySQL Community Server - GPL). started with:
Tcp port: 0  Unix socket: /var/lib/mysql/mysql.sock
Time                 Id Command    Argument
/usr/sbin/mysqld, Version: 8.0.30 (MySQL Community Server - GPL). started with:
Tcp port: 3306  Unix socket: /var/lib/mysql/mysql.sock
Time                 Id Command    Argument
# Time: 2022-10-24T20:41:38.550006Z
# User@Host: my_user[my_user] @  [192.168.240.1]  Id:    33
# Query_time: 2.534334  Lock_time: 0.000004 Rows_sent: 2000000  Rows_examined: 346
use my_db;
SET timestamp=1666644096;
/* ApplicationName=DBeaver 22.0.2 - SQLEditor <Script-36.sql> */ 
select *
from numbers n1
cross join
numbers n2
cross join
numbers n3
cross join
numbers n4
cross join
numbers n5
cross join
numbers n6
cross join
numbers n7
cross join
numbers n8


LIMIT 0, 2000000;
/usr/sbin/mysqld, Version: 8.0.30 (MySQL Community Server - GPL). started with:
Tcp port: 0  Unix socket: /var/lib/mysql/mysql.sock
Time                 Id Command    Argument
/usr/sbin/mysqld, Version: 8.0.30 (MySQL Community Server - GPL). started with:
Tcp port: 0  Unix socket: /var/lib/mysql/mysql.sock
Time                 Id Command    Argument
/usr/sbin/mysqld, Version: 8.0.30 (MySQL Community Server - GPL). started with:
Tcp port: 3306  Unix socket: /var/lib/mysql/mysql.sock
Time                 Id Command    Argument
/usr/sbin/mysqld, Version: 8.0.30 (MySQL Community Server - GPL). started with:
Tcp port: 0  Unix socket: /var/lib/mysql/mysql.sock
Time                 Id Command    Argument
/usr/sbin/mysqld, Version: 8.0.30 (MySQL Community Server - GPL). started with:
Tcp port: 0  Unix socket: /var/lib/mysql/mysql.sock
Time                 Id Command    Argument
/usr/sbin/mysqld, Version: 8.0.30 (MySQL Community Server - GPL). started with:
Tcp port: 3306  Unix socket: /var/lib/mysql/mysql.sock
Time                 Id Command    Argument
/usr/sbin/mysqld, Version: 8.0.30 (MySQL Community Server - GPL). started with:
Tcp port: 0  Unix socket: /var/lib/mysql/mysql.sock
Time                 Id Command    Argument
/usr/sbin/mysqld, Version: 8.0.30 (MySQL Community Server - GPL). started with:
Tcp port: 0  Unix socket: /var/lib/mysql/mysql.sock
Time                 Id Command    Argument
/usr/sbin/mysqld, Version: 8.0.30 (MySQL Community Server - GPL). started with:
Tcp port: 3306  Unix socket: /var/lib/mysql/mysql.sock
Time                 Id Command    Argument
/usr/sbin/mysqld, Version: 8.0.30 (MySQL Community Server - GPL). started with:
Tcp port: 3306  Unix socket: /var/lib/mysql/mysql.sock
Time                 Id Command    Argument
/usr/sbin/mysqld, Version: 8.0.30 (MySQL Community Server - GPL). started with:
Tcp port: 0  Unix socket: /var/lib/mysql/mysql.sock
Time                 Id Command    Argument
/usr/sbin/mysqld, Version: 8.0.30 (MySQL Community Server - GPL). started with:
Tcp port: 0  Unix socket: /var/lib/mysql/mysql.sock
Time                 Id Command    Argument
# Time: 2022-10-24T20:56:06.466563Z
# User@Host: root[root] @ localhost []  Id:     9
# Query_time: 0.159459  Lock_time: 0.000012 Rows_sent: 0  Rows_examined: 0
use mysql;
SET timestamp=1666644966;
TRUNCATE TABLE time_zone;
# Time: 2022-10-24T20:56:06.578607Z
# User@Host: root[root] @ localhost []  Id:     9
# Query_time: 0.111844  Lock_time: 0.000012 Rows_sent: 0  Rows_examined: 0
SET timestamp=1666644966;
TRUNCATE TABLE time_zone_name;
# Time: 2022-10-24T20:56:06.694652Z
# User@Host: root[root] @ localhost []  Id:     9
# Query_time: 0.115915  Lock_time: 0.000011 Rows_sent: 0  Rows_examined: 0
SET timestamp=1666644966;
TRUNCATE TABLE time_zone_transition;
# Time: 2022-10-24T20:56:06.845701Z
# User@Host: root[root] @ localhost []  Id:     9
# Query_time: 0.150760  Lock_time: 0.000011 Rows_sent: 0  Rows_examined: 0
SET timestamp=1666644966;
TRUNCATE TABLE time_zone_transition_type;
/usr/sbin/mysqld, Version: 8.0.30 (MySQL Community Server - GPL). started with:
Tcp port: 3306  Unix socket: /var/lib/mysql/mysql.sock
Time                 Id Command    Argument
/usr/sbin/mysqld, Version: 8.0.30 (MySQL Community Server - GPL). started with:
Tcp port: 0  Unix socket: /var/lib/mysql/mysql.sock
Time                 Id Command    Argument
/usr/sbin/mysqld, Version: 8.0.30 (MySQL Community Server - GPL). started with:
Tcp port: 0  Unix socket: /var/lib/mysql/mysql.sock
Time                 Id Command    Argument
/usr/sbin/mysqld, Version: 8.0.30 (MySQL Community Server - GPL). started with:
Tcp port: 3306  Unix socket: /var/lib/mysql/mysql.sock
Time                 Id Command    Argument
# Time: 2022-10-24T21:05:58.603017Z
# User@Host: my_user[my_user] @  [172.28.0.1]  Id:    20
# Query_time: 2.315974  Lock_time: 0.000002 Rows_sent: 2000000  Rows_examined: 346
use my_db;
SET timestamp=1666645556;
/* ApplicationName=DBeaver 22.0.2 - SQLEditor <Script-36.sql> */ select *
from numbers n1
cross join
numbers n2
cross join
numbers n3
cross join
numbers n4
cross join
numbers n5
cross join
numbers n6
cross join
numbers n7
cross join
numbers n8



LIMIT 0, 2000000;
/usr/sbin/mysqld, Version: 8.0.30 (MySQL Community Server - GPL). started with:
Tcp port: 0  Unix socket: /var/lib/mysql/mysql.sock
Time                 Id Command    Argument
/usr/sbin/mysqld, Version: 8.0.30 (MySQL Community Server - GPL). started with:
Tcp port: 0  Unix socket: /var/lib/mysql/mysql.sock
Time                 Id Command    Argument
/usr/sbin/mysqld, Version: 8.0.30 (MySQL Community Server - GPL). started with:
Tcp port: 0  Unix socket: /var/lib/mysql/mysql.sock
Time                 Id Command    Argument
/usr/sbin/mysqld, Version: 8.0.30 (MySQL Community Server - GPL). started with:
Tcp port: 3306  Unix socket: /var/lib/mysql/mysql.sock
Time                 Id Command    Argument
